SF:lib/core/error/failure.dart
DA:4,2
DA:8,2
DA:10,0
DA:12,0
DA:13,0
DA:16,0
DA:17,0
DA:18,0
DA:19,0
DA:22,0
DA:23,0
DA:26,0
DA:27,0
DA:28,0
DA:29,0
DA:31,0
LF:16
LH:2
end_of_record
SF:lib/features/home/sub_modules/currency/domain/usecases/currency_usecase.dart
DA:10,2
DA:12,2
DA:14,4
LF:3
LH:3
end_of_record
SF:lib/features/home/sub_modules/currency/presentation/blocs/currency/currency_bloc.dart
DA:11,2
DA:12,2
DA:13,1
DA:14,1
DA:15,1
DA:16,3
DA:17,1
DA:18,4
DA:19,3
LF:9
LH:9
end_of_record
SF:lib/features/home/sub_modules/currency/data/models/currency_model.dart
DA:25,2
LF:1
LH:1
end_of_record
SF:lib/features/home/sub_modules/currency/data/models/currency_model.g.dart
DA:9,1
DA:10,1
DA:11,2
DA:12,2
DA:13,1
DA:14,2
DA:15,1
DA:16,1
DA:17,1
DA:20,0
DA:21,0
DA:22,0
DA:23,0
DA:24,0
DA:25,0
DA:26,0
DA:27,0
DA:28,0
LF:18
LH:9
end_of_record
SF:lib/core/di/injection.dart
DA:7,0
DA:9,0
DA:10,0
DA:11,0
DA:12,0
DA:14,0
LF:6
LH:0
end_of_record
SF:lib/core/services/api_service.dart
DA:7,0
DA:8,0
DA:9,0
DA:10,0
DA:11,0
DA:15,0
DA:18,0
DA:23,0
DA:26,0
DA:31,0
DA:32,0
DA:36,0
DA:42,0
DA:46,0
DA:51,0
DA:56,0
DA:59,0
LF:17
LH:0
end_of_record
SF:lib/core/services/storage_service.dart
DA:7,0
DA:8,0
DA:11,0
DA:12,0
DA:14,0
DA:15,0
LF:6
LH:0
end_of_record
SF:lib/presentation/blocs/themes/theme_cubit.dart
DA:5,0
DA:7,0
DA:8,0
LF:3
LH:0
end_of_record
SF:lib/core/error/exceptions.dart
DA:4,0
DA:6,0
DA:7,0
DA:11,0
LF:4
LH:0
end_of_record
SF:lib/core/services/logging_interceptor.dart
DA:4,0
DA:6,0
DA:7,0
DA:10,0
DA:12,0
DA:13,0
DA:16,0
DA:18,0
DA:19,0
LF:9
LH:0
end_of_record
SF:lib/core/theme/app_theme.dart
DA:4,0
DA:12,0
DA:13,0
DA:20,0
DA:23,0
DA:28,0
DA:29,0
LF:7
LH:0
end_of_record
SF:lib/core/utils/app_initial.dart
DA:6,0
DA:7,0
DA:8,0
DA:9,0
DA:10,0
LF:5
LH:0
end_of_record
SF:lib/features/auth/core/di/login_di.dart
DA:9,0
DA:10,0
DA:11,0
DA:13,0
DA:14,0
DA:16,0
DA:17,0
DA:19,0
LF:8
LH:0
end_of_record
SF:lib/features/home/core/di/home_di.dart
DA:26,0
DA:28,0
DA:29,0
DA:31,0
DA:32,0
DA:34,0
DA:35,0
DA:37,0
DA:38,0
DA:41,0
DA:42,0
DA:43,0
DA:44,0
DA:47,0
DA:48,0
DA:49,0
DA:52,0
DA:53,0
DA:55,0
DA:56,0
DA:60,0
DA:61,0
DA:62,0
DA:63,0
DA:66,0
DA:67,0
DA:68,0
DA:71,0
DA:72,0
DA:73,0
DA:76,0
DA:77,0
DA:78,0
DA:81,0
DA:82,0
DA:83,0
DA:84,0
DA:87,0
DA:88,0
DA:89,0
DA:92,0
DA:93,0
DA:95,0
DA:96,0
LF:44
LH:0
end_of_record
SF:lib/features/profile/core/profile_di.dart
DA:16,0
DA:18,0
DA:19,0
DA:20,0
DA:23,0
DA:24,0
DA:27,0
DA:28,0
DA:31,0
DA:32,0
DA:36,0
DA:38,0
DA:39,0
DA:40,0
DA:41,0
DA:45,0
DA:46,0
DA:49,0
DA:50,0
DA:52,0
DA:53,0
LF:21
LH:0
end_of_record
SF:lib/core/utils/validators/login_validation.dart
DA:8,0
DA:9,0
DA:11,0
DA:12,0
DA:14,0
DA:15,0
DA:17,0
DA:18,0
DA:20,0
DA:21,0
DA:22,0
DA:23,0
DA:25,0
DA:30,0
DA:31,0
DA:33,0
DA:34,0
DA:35,0
DA:36,0
DA:38,0
DA:43,0
DA:44,0
DA:45,0
LF:23
LH:0
end_of_record
SF:lib/core/utils/validators/phone_number_validator.dart
DA:8,0
DA:9,0
DA:11,0
DA:13,0
DA:14,0
DA:15,0
DA:16,0
DA:17,0
DA:18,0
DA:20,0
DA:25,0
DA:26,0
LF:12
LH:0
end_of_record
SF:lib/features/auth/login/data/datasources/login_remote_datasource.dart
DA:8,0
DA:10,0
DA:11,0
DA:12,0
DA:13,0
DA:14,0
DA:16,0
LF:7
LH:0
end_of_record
SF:lib/features/auth/login/data/repositories/login_repository_impl.dart
DA:15,0
DA:17,0
DA:23,0
DA:24,0
DA:25,0
DA:28,0
DA:29,0
DA:30,0
DA:32,0
LF:9
LH:0
end_of_record
SF:lib/features/auth/login/domain/usecases/login_usecase.dart
DA:12,0
DA:14,0
DA:16,0
LF:3
LH:0
end_of_record
SF:lib/features/auth/login/presentation/blocs/login/login_bloc.dart
DA:11,0
DA:12,0
DA:13,0
DA:14,0
DA:15,0
DA:16,0
DA:17,0
DA:18,0
DA:19,0
LF:9
LH:0
end_of_record
SF:lib/features/auth/login/data/models/login_model.dart
DA:11,0
LF:1
LH:0
end_of_record
SF:lib/features/auth/login/data/models/login_model.g.dart
DA:9,0
DA:10,0
DA:12,0
DA:13,0
LF:4
LH:0
end_of_record
SF:lib/features/auth/login/data/params/login_params_model.dart
DA:15,0
LF:1
LH:0
end_of_record
SF:lib/features/auth/login/data/params/login_params_model.g.dart
DA:9,0
DA:11,0
DA:12,0
DA:13,0
DA:16,0
DA:18,0
LF:6
LH:0
end_of_record
SF:lib/features/auth/login/data/mappers/login_mapper.dart
DA:6,0
DA:7,0
DA:8,0
LF:3
LH:0
end_of_record
SF:lib/features/auth/login/domain/entities/login_entity.dart
DA:12,0
LF:1
LH:0
end_of_record
SF:lib/features/auth/login/domain/entities/login_entity.g.dart
DA:9,0
DA:10,0
DA:12,0
DA:13,0
LF:4
LH:0
end_of_record
SF:lib/features/auth/login/presentation/screens/login_screen.dart
DA:17,1
DA:19,0
DA:20,0
DA:29,0
DA:31,0
DA:32,0
DA:33,0
DA:35,0
DA:36,0
DA:40,0
DA:42,0
DA:43,0
DA:44,0
DA:45,0
DA:48,0
DA:50,0
DA:51,0
DA:54,0
DA:55,0
DA:56,0
DA:58,0
DA:60,0
DA:64,0
DA:65,0
DA:67,0
DA:68,0
DA:69,0
DA:70,0
DA:71,0
DA:72,0
DA:73,0
DA:74,0
DA:77,0
DA:78,0
DA:80,0
DA:82,0
DA:84,0
DA:85,0
DA:86,0
DA:87,0
DA:88,0
DA:95,0
DA:96,0
DA:99,0
DA:100,0
DA:102,0
DA:103,0
DA:104,0
DA:105,0
DA:108,0
DA:109,0
DA:111,0
DA:112,0
DA:113,0
DA:114,0
DA:115,0
LF:56
LH:1
end_of_record
SF:lib/features/auth/login/presentation/sections/app_name_section.dart
DA:5,0
DA:7,0
DA:9,0
DA:11,0
DA:14,0
LF:5
LH:0
end_of_record
SF:lib/features/auth/login/presentation/sections/button_section.dart
DA:11,0
DA:18,0
DA:20,0
DA:21,0
DA:23,0
DA:24,0
DA:25,0
DA:26,0
DA:28,0
DA:29,0
DA:34,0
DA:36,0
DA:45,0
LF:13
LH:0
end_of_record
SF:lib/features/auth/login/presentation/sections/form_section.dart
DA:11,0
DA:17,0
DA:19,0
DA:20,0
DA:21,0
DA:22,0
DA:23,0
DA:24,0
DA:25,0
DA:28,0
DA:35,0
DA:36,0
DA:37,0
DA:38,0
DA:39,0
DA:42,0
LF:16
LH:0
end_of_record
SF:lib/features/auth/login/presentation/widgets/custom_text_field.dart
DA:12,0
DA:22,0
DA:24,0
DA:25,0
DA:26,0
DA:27,0
DA:28,0
DA:29,0
DA:30,0
DA:31,0
DA:32,0
DA:34,0
DA:35,0
DA:36,0
DA:37,0
DA:38,0
DA:41,0
DA:42,0
DA:43,0
LF:19
LH:0
end_of_record
SF:lib/features/home/sub_modules/currency/data/datasources/currency_remote_datasource.dart
DA:10,0
DA:12,0
DA:13,0
DA:14,0
DA:16,0
DA:18,0
LF:6
LH:0
end_of_record
SF:lib/features/home/sub_modules/currency/data/repositories/currency_repository_impl.dart
DA:14,0
DA:16,0
DA:19,0
DA:20,0
DA:21,0
DA:22,0
DA:24,0
LF:7
LH:0
end_of_record
SF:lib/features/home/sub_modules/currency/sub_modules/add_currency_to_favorite/data/datasources/add_currency_to_favorite_remote_datasource.dart
DA:12,0
DA:14,0
DA:15,0
DA:16,0
DA:18,0
DA:19,0
DA:21,0
DA:23,0
LF:8
LH:0
end_of_record
SF:lib/features/home/sub_modules/currency/sub_modules/add_currency_to_favorite/data/repositories/add_currency_to_favorite_repository_impl.dart
DA:16,0
DA:18,0
DA:21,0
DA:22,0
DA:23,0
DA:24,0
DA:26,0
LF:7
LH:0
end_of_record
SF:lib/features/home/sub_modules/currency/sub_modules/add_currency_to_favorite/domain/usecases/add_currency_to_favorite_usecase.dart
DA:15,0
DA:17,0
DA:21,0
LF:3
LH:0
end_of_record
SF:lib/features/home/sub_modules/currency/sub_modules/add_currency_to_favorite/presentation/blocs/add_currency_to_favorite/add_currency_to_favorite_bloc.dart
DA:9,0
DA:10,0
DA:11,0
DA:12,0
DA:13,0
DA:14,0
DA:15,0
DA:16,0
DA:17,0
DA:18,0
LF:10
LH:0
end_of_record
SF:lib/features/home/sub_modules/currency/sub_modules/delete_currency_from_favorite/data/datasources/delete_currency_from_favorite_remote_datasource.dart
DA:13,0
DA:15,0
DA:17,0
DA:18,0
DA:19,0
DA:21,0
DA:23,0
LF:7
LH:0
end_of_record
SF:lib/features/home/sub_modules/currency/sub_modules/delete_currency_from_favorite/data/repositories/delete_currency_from_favorite_repository_impl.dart
DA:13,0
DA:15,0
DA:19,0
DA:20,0
DA:21,0
DA:22,0
DA:24,0
DA:25,0
DA:26,0
DA:28,0
LF:10
LH:0
end_of_record
SF:lib/features/home/sub_modules/currency/sub_modules/delete_currency_from_favorite/domain/usecases/delete_currency_from_favorite_usecase.dart
DA:13,0
DA:15,0
DA:18,0
LF:3
LH:0
end_of_record
SF:lib/features/home/sub_modules/currency/sub_modules/delete_currency_from_favorite/presentation/blocs/delete_currency_to_favorite/delete_currency_from_favorite_bloc.dart
DA:11,0
DA:12,0
DA:13,0
DA:14,0
DA:15,0
DA:16,0
DA:17,0
DA:18,0
DA:19,0
DA:20,0
LF:10
LH:0
end_of_record
SF:lib/features/home/sub_modules/currency/sub_modules/get_favorite_currency/data/datasources/get_favorite_currencies_remote_datasource.dart
DA:13,0
DA:15,0
DA:16,0
DA:17,0
DA:19,0
DA:21,0
DA:22,0
LF:7
LH:0
end_of_record
SF:lib/features/home/sub_modules/currency/sub_modules/get_favorite_currency/data/repositories/get_favorite_currencies_repository_impl.dart
DA:14,0
DA:16,0
DA:20,0
DA:21,0
DA:22,0
DA:23,0
DA:25,0
LF:7
LH:0
end_of_record
SF:lib/features/home/sub_modules/currency/sub_modules/get_favorite_currency/domain/usecases/get_favorite_currencies_usecase.dart
DA:11,0
DA:13,0
DA:15,0
LF:3
LH:0
end_of_record
SF:lib/features/home/sub_modules/currency/sub_modules/get_favorite_currency/presentation/blocs/get_favorite_currency/get_favorite_currencies_bloc.dart
DA:12,0
DA:13,0
DA:14,0
DA:15,0
DA:16,0
DA:17,0
DA:18,0
DA:19,0
DA:20,0
DA:21,0
LF:10
LH:0
end_of_record
SF:lib/features/home/presentation/home_screen.dart
DA:9,1
DA:11,0
DA:13,0
DA:14,0
DA:15,0
DA:17,0
DA:19,0
DA:23,0
DA:24,0
DA:25,0
DA:27,0
DA:29,0
DA:30,0
DA:34,0
DA:35,0
DA:36,0
DA:38,0
DA:40,0
DA:41,0
LF:19
LH:1
end_of_record
SF:lib/features/home/sub_modules/currency/presentation/sections/currency_section.dart
DA:27,1
DA:29,0
DA:31,0
DA:32,0
DA:34,0
DA:35,0
DA:36,0
DA:37,0
DA:38,0
DA:39,0
DA:40,0
DA:41,0
DA:43,0
DA:44,0
DA:47,0
DA:48,0
DA:49,0
DA:50,0
DA:51,0
DA:52,0
DA:54,0
DA:55,0
DA:59,0
DA:60,0
DA:61,0
DA:62,0
DA:63,0
DA:64,0
DA:65,0
DA:66,0
DA:67,0
DA:68,0
DA:71,0
DA:72,0
DA:74,0
DA:75,0
DA:76,0
DA:78,0
DA:81,0
DA:82,0
DA:83,0
DA:85,0
DA:90,0
DA:91,0
DA:94,0
DA:95,0
DA:96,0
DA:98,0
DA:105,0
DA:114,0
DA:115,0
DA:116,0
DA:117,0
DA:118,0
DA:120,0
DA:122,0
DA:124,0
DA:129,0
DA:130,0
DA:131,0
DA:134,0
DA:135,0
DA:137,0
DA:138,0
DA:139,0
DA:144,0
DA:145,0
DA:146,0
LF:68
LH:1
end_of_record
SF:lib/features/home/sub_modules/currency/data/mappers/currency_mapper.dart
DA:5,0
DA:6,0
DA:7,0
DA:8,0
DA:9,0
DA:10,0
DA:11,0
DA:12,0
DA:16,0
DA:17,0
LF:10
LH:0
end_of_record
SF:lib/features/home/sub_modules/currency/presentation/widgets/currency_item_widget.dart
DA:13,0
DA:20,0
DA:22,0
DA:23,0
DA:25,0
DA:28,0
DA:29,0
DA:30,0
DA:32,0
DA:33,0
DA:36,0
DA:37,0
DA:39,0
DA:40,0
DA:43,0
DA:46,0
DA:48,0
DA:49,0
DA:50,0
DA:52,0
DA:55,0
DA:56,0
DA:57,0
DA:58,0
DA:61,0
DA:63,0
DA:64,0
DA:65,0
DA:66,0
DA:67,0
DA:72,0
DA:73,0
DA:74,0
DA:75,0
DA:77,0
LF:35
LH:0
end_of_record
SF:lib/features/home/sub_modules/currency/presentation/widgets/error_message.dart
DA:6,0
DA:8,0
DA:10,0
DA:11,0
DA:12,0
DA:13,0
DA:14,0
LF:7
LH:0
end_of_record
SF:lib/features/home/sub_modules/currency/presentation/widgets/section_divider.dart
DA:4,1
DA:6,0
DA:8,0
DA:9,0
DA:10,0
LF:5
LH:1
end_of_record
SF:lib/features/home/sub_modules/currency/presentation/widgets/section_header.dart
DA:6,1
DA:8,0
DA:10,0
DA:11,0
DA:13,0
DA:14,0
DA:15,0
DA:17,0
LF:8
LH:1
end_of_record
SF:lib/features/home/sub_modules/currency/presentation/widgets/shimmer_list.dart
DA:6,1
DA:8,0
DA:10,0
DA:11,0
DA:13,0
DA:14,0
DA:15,0
LF:7
LH:1
end_of_record
SF:lib/features/home/sub_modules/currency/sub_modules/add_currency_to_favorite/data/params/add_currency_to_favorite_params.dart
DA:13,0
DA:14,0
LF:2
LH:0
end_of_record
SF:lib/features/home/sub_modules/currency/sub_modules/add_currency_to_favorite/data/params/add_currency_to_favorite_params.g.dart
DA:9,0
DA:11,0
DA:12,0
DA:15,0
DA:17,0
LF:5
LH:0
end_of_record
SF:lib/features/home/sub_modules/currency/sub_modules/delete_currency_from_favorite/data/params/delete_currency_from_favorite_params.dart
DA:13,0
DA:14,0
LF:2
LH:0
end_of_record
SF:lib/features/home/sub_modules/currency/sub_modules/delete_currency_from_favorite/data/params/delete_currency_from_favorite_params.g.dart
DA:9,0
DA:11,0
DA:12,0
DA:15,0
DA:17,0
LF:5
LH:0
end_of_record
SF:lib/features/home/sub_modules/currency/presentation/widgets/shimmer_item.dart
DA:4,1
DA:6,0
DA:8,0
DA:11,0
DA:12,0
DA:14,0
DA:15,0
DA:16,0
DA:17,0
DA:19,0
DA:20,0
DA:22,0
LF:12
LH:1
end_of_record
SF:lib/features/home/sub_modules/currency/sub_modules/add_currency_to_favorite/data/models/add_currency_to_favorite_model.dart
DA:20,0
DA:21,0
LF:2
LH:0
end_of_record
SF:lib/features/home/sub_modules/currency/sub_modules/add_currency_to_favorite/data/models/add_currency_to_favorite_model.g.dart
DA:9,0
DA:11,0
DA:12,0
DA:13,0
DA:14,0
DA:15,0
DA:18,0
DA:20,0
DA:21,0
DA:22,0
DA:23,0
DA:24,0
LF:12
LH:0
end_of_record
SF:lib/features/home/sub_modules/currency/sub_modules/add_currency_to_favorite/data/mappers/add_currency_to_favorite_mapper.dart
DA:6,0
DA:7,0
DA:8,0
DA:9,0
DA:10,0
LF:5
LH:0
end_of_record
SF:lib/features/home/sub_modules/currency/sub_modules/delete_currency_from_favorite/data/models/delete_currency_from_favorite_model.dart
DA:16,0
DA:17,0
LF:2
LH:0
end_of_record
SF:lib/features/home/sub_modules/currency/sub_modules/delete_currency_from_favorite/data/models/delete_currency_from_favorite_model.g.dart
DA:9,0
DA:11,0
DA:12,0
DA:13,0
DA:16,0
DA:18,0
LF:6
LH:0
end_of_record
SF:lib/features/home/sub_modules/currency/sub_modules/delete_currency_from_favorite/data/mappers/delete_currency_from_favorite_mapper.dart
DA:6,0
DA:9,0
DA:10,0
DA:11,0
LF:4
LH:0
end_of_record
SF:lib/features/home/sub_modules/currency/sub_modules/get_favorite_currency/data/models/favorite_currency_model.dart
DA:19,0
DA:20,0
LF:2
LH:0
end_of_record
SF:lib/features/home/sub_modules/currency/sub_modules/get_favorite_currency/data/models/favorite_currency_model.g.dart
DA:9,0
DA:11,0
DA:12,0
DA:13,0
DA:14,0
DA:15,0
DA:18,0
DA:20,0
DA:21,0
DA:22,0
DA:23,0
DA:24,0
LF:12
LH:0
end_of_record
SF:lib/features/home/sub_modules/currency/sub_modules/get_favorite_currency/data/mappers/favorite_currency_mapper.dart
DA:6,0
DA:7,0
DA:8,0
DA:9,0
DA:10,0
DA:14,0
DA:15,0
LF:7
LH:0
end_of_record
SF:lib/features/profile/sub_modules/update_user_phone_number/data/datasources/update_user_phone_remote_datasource.dart
DA:16,0
DA:18,0
DA:20,0
DA:21,0
DA:23,0
DA:24,0
DA:26,0
LF:7
LH:0
end_of_record
SF:lib/features/profile/sub_modules/update_user_phone_number/data/repositories/update_user_phone_repository_impl.dart
DA:13,0
DA:15,0
DA:18,0
DA:19,0
DA:20,0
DA:21,0
DA:23,0
LF:7
LH:0
end_of_record
SF:lib/features/profile/sub_modules/update_user_phone_number/domain/usecases/update_user_phone_usecase.dart
DA:12,0
DA:14,0
DA:16,0
LF:3
LH:0
end_of_record
SF:lib/features/profile/sub_modules/update_user_phone_number/presentation/blocs/add_currency_to_favorite/update_user_phone_bloc.dart
DA:9,0
DA:10,0
DA:11,0
DA:12,0
DA:13,0
DA:14,0
DA:15,0
DA:16,0
DA:17,0
LF:9
LH:0
end_of_record
SF:lib/features/profile/sub_modules/user_information/data/datasources/user_information_remote_datasource.dart
DA:10,0
DA:12,0
DA:13,0
DA:14,0
DA:16,0
DA:18,0
LF:6
LH:0
end_of_record
SF:lib/features/profile/sub_modules/user_information/data/repositories/user_information_repository_impl.dart
DA:12,0
DA:14,0
DA:17,0
DA:18,0
DA:19,0
DA:20,0
DA:22,0
LF:7
LH:0
end_of_record
SF:lib/features/profile/sub_modules/user_information/domain/usecases/user_information_usecase.dart
DA:11,0
DA:13,0
DA:15,0
LF:3
LH:0
end_of_record
SF:lib/features/profile/sub_modules/user_information/presentation/blocs/user_information/user_information_bloc.dart
DA:13,0
DA:14,0
DA:15,0
DA:16,0
DA:17,0
DA:18,0
DA:19,0
DA:20,0
DA:21,0
LF:9
LH:0
end_of_record
SF:lib/features/profile/presentation/screens/profile_screen.dart
DA:7,1
DA:9,0
DA:11,0
DA:12,0
DA:13,0
DA:17,0
DA:18,0
DA:19,0
DA:20,0
DA:22,0
DA:23,0
DA:24,0
DA:25,0
DA:27,0
DA:29,0
DA:31,0
LF:16
LH:1
end_of_record
SF:lib/features/profile/sub_modules/update_user_phone_number/presentation/sections/update_phone_number_section.dart
DA:11,1
DA:13,0
DA:14,0
DA:21,0
DA:23,0
DA:24,0
DA:25,0
DA:26,0
DA:27,0
DA:31,0
DA:33,0
DA:34,0
DA:36,0
DA:37,0
DA:40,0
DA:42,0
DA:43,0
DA:45,0
DA:46,0
DA:47,0
DA:48,0
DA:49,0
DA:50,0
DA:51,0
DA:52,0
DA:56,0
DA:57,0
DA:58,0
DA:59,0
DA:60,0
DA:66,0
DA:67,0
DA:68,0
DA:70,0
DA:71,0
DA:73,0
DA:74,0
DA:76,0
DA:78,0
DA:79,0
DA:80,0
DA:81,0
DA:82,0
DA:83,0
DA:85,0
DA:88,0
DA:89,0
DA:90,0
DA:91,0
DA:93,0
DA:94,0
DA:95,0
DA:97,0
DA:98,0
DA:99,0
DA:101,0
DA:103,0
DA:109,0
DA:110,0
DA:111,0
DA:113,0
DA:114,0
DA:115,0
DA:116,0
DA:117,0
DA:118,0
DA:120,0
DA:121,0
DA:122,0
DA:123,0
DA:127,0
DA:128,0
DA:129,0
DA:130,0
LF:74
LH:1
end_of_record
SF:lib/features/profile/sub_modules/user_information/presentation/sections/user_information_section.dart
DA:7,0
DA:9,0
DA:11,0
DA:12,0
DA:14,0
DA:15,0
DA:16,0
DA:17,0
DA:18,0
DA:19,0
DA:20,0
DA:23,0
DA:25,0
DA:26,0
DA:27,0
DA:29,0
DA:31,0
DA:32,0
DA:33,0
DA:34,0
DA:36,0
DA:37,0
DA:38,0
DA:40,0
DA:41,0
DA:42,0
DA:45,0
DA:48,0
DA:49,0
DA:51,0
DA:53,0
DA:54,0
DA:55,0
DA:56,0
DA:58,0
DA:59,0
DA:60,0
DA:62,0
DA:63,0
DA:64,0
DA:67,0
DA:71,0
DA:72,0
DA:74,0
LF:44
LH:0
end_of_record
SF:lib/features/profile/sub_modules/update_user_phone_number/data/mappers/update_user_phone_mapper.dart
DA:6,0
DA:7,0
DA:8,0
DA:9,0
DA:10,0
DA:11,0
DA:12,0
DA:16,0
DA:17,0
DA:18,0
LF:10
LH:0
end_of_record
SF:lib/features/profile/sub_modules/user_information/data/models/user_information_model.dart
DA:21,0
DA:22,0
LF:2
LH:0
end_of_record
SF:lib/features/profile/sub_modules/user_information/data/models/user_information_model.g.dart
DA:9,0
DA:11,0
DA:12,0
DA:13,0
DA:14,0
DA:15,0
DA:16,0
DA:19,0
DA:21,0
DA:22,0
DA:23,0
DA:24,0
DA:25,0
DA:26,0
LF:14
LH:0
end_of_record
SF:lib/features/profile/sub_modules/user_information/data/mappers/user_information_mapper.dart
DA:6,0
DA:7,0
DA:8,0
DA:9,0
DA:10,0
DA:11,0
LF:6
LH:0
end_of_record
SF:lib/main.dart
DA:10,0
DA:11,0
DA:12,0
DA:16,0
DA:18,0
DA:19,0
DA:20,0
DA:21,0
DA:22,0
DA:24,0
DA:25,0
DA:27,0
LF:12
LH:0
end_of_record
SF:lib/presentation/routes/app_router.dart
DA:19,0
DA:21,0
DA:22,0
DA:26,0
DA:27,0
DA:31,0
DA:35,0
DA:36,0
DA:37,0
DA:39,0
DA:40,0
DA:41,0
DA:43,0
DA:45,0
DA:46,0
DA:50,0
DA:51,0
DA:55,0
DA:56,0
DA:60,0
DA:61,0
DA:62,0
DA:64,0
DA:65,0
DA:69,0
LF:25
LH:0
end_of_record
